<?xml version="1.0" encoding="UTF-8"?>
<testng-results skipped="1" failed="1" ignored="0" total="13" passed="11">
  <reporter-output>
  </reporter-output>
  <suite name="amazon Automation Test Suite" duration-ms="70399" started-at="2019-07-13T01:11:07Z" finished-at="2019-07-13T01:12:18Z">
    <groups>
    </groups>
    <test name="amazon Test Cases" duration-ms="70399" started-at="2019-07-13T01:11:07Z" finished-at="2019-07-13T01:12:18Z">
      <class name="com.smarttech.AmazonLogin">
        <test-method status="PASS" signature="setUp()[pri:0, instance:com.smarttech.AmazonLogin@2f490758]" name="setUp" duration-ms="20653" started-at="2019-07-13T01:11:07Z" finished-at="2019-07-13T01:11:28Z">
          <reporter-output>
          </reporter-output>
        </test-method> <!-- setUp -->
        <test-method status="PASS" signature="Test2()[pri:0, instance:com.smarttech.AmazonLogin@2f490758]" name="Test2" duration-ms="481" started-at="2019-07-13T01:11:28Z" depends-on-methods="com.smarttech.AmazonLogin.setUp" finished-at="2019-07-13T01:11:28Z">
          <reporter-output>
          </reporter-output>
        </test-method> <!-- Test2 -->
        <test-method status="PASS" signature="Test3()[pri:0, instance:com.smarttech.AmazonLogin@2f490758]" name="Test3" duration-ms="5754" started-at="2019-07-13T01:11:28Z" depends-on-methods="com.smarttech.AmazonLogin.Test2" finished-at="2019-07-13T01:11:34Z">
          <reporter-output>
          </reporter-output>
        </test-method> <!-- Test3 -->
        <test-method status="PASS" signature="Test4()[pri:0, instance:com.smarttech.AmazonLogin@2f490758]" name="Test4" duration-ms="1758" started-at="2019-07-13T01:11:34Z" depends-on-methods="com.smarttech.AmazonLogin.Test3" finished-at="2019-07-13T01:11:36Z">
          <reporter-output>
          </reporter-output>
        </test-method> <!-- Test4 -->
        <test-method status="PASS" signature="Test5()[pri:0, instance:com.smarttech.AmazonLogin@2f490758]" name="Test5" duration-ms="4020" started-at="2019-07-13T01:11:36Z" depends-on-methods="com.smarttech.AmazonLogin.Test4" finished-at="2019-07-13T01:11:40Z">
          <reporter-output>
          </reporter-output>
        </test-method> <!-- Test5 -->
        <test-method status="PASS" signature="Test6()[pri:0, instance:com.smarttech.AmazonLogin@2f490758]" name="Test6" duration-ms="1184" started-at="2019-07-13T01:11:40Z" depends-on-methods="com.smarttech.AmazonLogin.Test5" finished-at="2019-07-13T01:11:41Z">
          <reporter-output>
          </reporter-output>
        </test-method> <!-- Test6 -->
        <test-method status="PASS" signature="Test7()[pri:0, instance:com.smarttech.AmazonLogin@2f490758]" name="Test7" duration-ms="453" started-at="2019-07-13T01:11:41Z" depends-on-methods="com.smarttech.AmazonLogin.Test6" finished-at="2019-07-13T01:11:42Z">
          <reporter-output>
          </reporter-output>
        </test-method> <!-- Test7 -->
        <test-method status="PASS" signature="Test8()[pri:0, instance:com.smarttech.AmazonLogin@2f490758]" name="Test8" duration-ms="128" started-at="2019-07-13T01:11:42Z" depends-on-methods="com.smarttech.AmazonLogin.Test7" finished-at="2019-07-13T01:11:42Z">
          <reporter-output>
          </reporter-output>
        </test-method> <!-- Test8 -->
        <test-method status="PASS" signature="Test9()[pri:0, instance:com.smarttech.AmazonLogin@2f490758]" name="Test9" duration-ms="1103" started-at="2019-07-13T01:11:42Z" depends-on-methods="com.smarttech.AmazonLogin.Test8" finished-at="2019-07-13T01:11:43Z">
          <reporter-output>
          </reporter-output>
        </test-method> <!-- Test9 -->
        <test-method status="PASS" signature="Test10()[pri:0, instance:com.smarttech.AmazonLogin@2f490758]" name="Test10" duration-ms="168" started-at="2019-07-13T01:11:43Z" depends-on-methods="com.smarttech.AmazonLogin.Test9" finished-at="2019-07-13T01:11:43Z">
          <reporter-output>
          </reporter-output>
        </test-method> <!-- Test10 -->
        <test-method status="PASS" signature="Test11()[pri:0, instance:com.smarttech.AmazonLogin@2f490758]" name="Test11" duration-ms="1374" started-at="2019-07-13T01:11:43Z" depends-on-methods="com.smarttech.AmazonLogin.Test10" finished-at="2019-07-13T01:11:44Z">
          <reporter-output>
          </reporter-output>
        </test-method> <!-- Test11 -->
        <test-method status="FAIL" signature="Test12()[pri:0, instance:com.smarttech.AmazonLogin@2f490758]" name="Test12" duration-ms="32445" started-at="2019-07-13T01:11:44Z" depends-on-methods="com.smarttech.AmazonLogin.Test11" finished-at="2019-07-13T01:12:17Z">
          <exception class="java.lang.IndexOutOfBoundsException">
            <message>
              <![CDATA[Index: 0, Size: 0]]>
            </message>
            <full-stacktrace>
              <![CDATA[java.lang.IndexOutOfBoundsException: Index: 0, Size: 0
at java.util.ArrayList.rangeCheck(Unknown Source)
at java.util.ArrayList.get(Unknown Source)
at sun.reflect.NativeMethodAccessorImpl.invoke0(Native Method)
at sun.reflect.NativeMethodAccessorImpl.invoke(Unknown Source)
at sun.reflect.DelegatingMethodAccessorImpl.invoke(Unknown Source)
at java.lang.reflect.Method.invoke(Unknown Source)
at org.openqa.selenium.support.pagefactory.internal.LocatingElementListHandler.invoke(LocatingElementListHandler.java:39)
at com.sun.proxy.$Proxy8.get(Unknown Source)
at com.smarttech.AmazonLogin.Test12(AmazonLogin.java:126)
at sun.reflect.NativeMethodAccessorImpl.invoke0(Native Method)
at sun.reflect.NativeMethodAccessorImpl.invoke(Unknown Source)
at sun.reflect.DelegatingMethodAccessorImpl.invoke(Unknown Source)
at java.lang.reflect.Method.invoke(Unknown Source)
at org.testng.internal.MethodInvocationHelper.invokeMethod(MethodInvocationHelper.java:124)
at org.testng.internal.Invoker.invokeMethod(Invoker.java:580)
at org.testng.internal.Invoker.invokeTestMethod(Invoker.java:716)
at org.testng.internal.Invoker.invokeTestMethods(Invoker.java:988)
at org.testng.internal.TestMethodWorker.invokeTestMethods(TestMethodWorker.java:125)
at org.testng.internal.TestMethodWorker.run(TestMethodWorker.java:109)
at org.testng.TestRunner.privateRun(TestRunner.java:648)
at org.testng.TestRunner.run(TestRunner.java:505)
at org.testng.SuiteRunner.runTest(SuiteRunner.java:455)
at org.testng.SuiteRunner.runSequentially(SuiteRunner.java:450)
at org.testng.SuiteRunner.privateRun(SuiteRunner.java:415)
at org.testng.SuiteRunner.run(SuiteRunner.java:364)
at org.testng.SuiteRunnerWorker.runSuite(SuiteRunnerWorker.java:52)
at org.testng.SuiteRunnerWorker.run(SuiteRunnerWorker.java:84)
at org.testng.TestNG.runSuitesSequentially(TestNG.java:1208)
at org.testng.TestNG.runSuitesLocally(TestNG.java:1137)
at org.testng.TestNG.runSuites(TestNG.java:1049)
at org.testng.TestNG.run(TestNG.java:1017)
at org.testng.remote.AbstractRemoteTestNG.run(AbstractRemoteTestNG.java:115)
at org.testng.remote.RemoteTestNG.initAndRun(RemoteTestNG.java:251)
at org.testng.remote.RemoteTestNG.main(RemoteTestNG.java:77)
]]>
            </full-stacktrace>
          </exception> <!-- java.lang.IndexOutOfBoundsException -->
          <reporter-output>
          </reporter-output>
        </test-method> <!-- Test12 -->
        <test-method status="SKIP" signature="Test13()[pri:0, instance:com.smarttech.AmazonLogin@2f490758]" name="Test13" duration-ms="1" started-at="2019-07-13T01:12:17Z" depends-on-methods="com.smarttech.AmazonLogin.Test12" finished-at="2019-07-13T01:12:17Z">
          <exception class="java.lang.Throwable">
            <message>
              <![CDATA[Method AmazonLogin.Test13()[pri:0, instance:com.smarttech.AmazonLogin@2f490758] depends on not successfully finished methods]]>
            </message>
            <full-stacktrace>
              <![CDATA[java.lang.Throwable: Method AmazonLogin.Test13()[pri:0, instance:com.smarttech.AmazonLogin@2f490758] depends on not successfully finished methods
at org.testng.internal.Invoker.invokeTestMethods(Invoker.java:887)
at org.testng.internal.TestMethodWorker.invokeTestMethods(TestMethodWorker.java:125)
at org.testng.internal.TestMethodWorker.run(TestMethodWorker.java:109)
at org.testng.TestRunner.privateRun(TestRunner.java:648)
at org.testng.TestRunner.run(TestRunner.java:505)
at org.testng.SuiteRunner.runTest(SuiteRunner.java:455)
at org.testng.SuiteRunner.runSequentially(SuiteRunner.java:450)
at org.testng.SuiteRunner.privateRun(SuiteRunner.java:415)
at org.testng.SuiteRunner.run(SuiteRunner.java:364)
at org.testng.SuiteRunnerWorker.runSuite(SuiteRunnerWorker.java:52)
at org.testng.SuiteRunnerWorker.run(SuiteRunnerWorker.java:84)
at org.testng.TestNG.runSuitesSequentially(TestNG.java:1208)
at org.testng.TestNG.runSuitesLocally(TestNG.java:1137)
at org.testng.TestNG.runSuites(TestNG.java:1049)
at org.testng.TestNG.run(TestNG.java:1017)
at org.testng.remote.AbstractRemoteTestNG.run(AbstractRemoteTestNG.java:115)
at org.testng.remote.RemoteTestNG.initAndRun(RemoteTestNG.java:251)
at org.testng.remote.RemoteTestNG.main(RemoteTestNG.java:77)
]]>
            </full-stacktrace>
          </exception> <!-- java.lang.Throwable -->
          <reporter-output>
          </reporter-output>
        </test-method> <!-- Test13 -->
        <test-method status="FAIL" signature="teardown()[pri:0, instance:com.smarttech.AmazonLogin@2f490758]" name="teardown" is-config="true" duration-ms="272" started-at="2019-07-13T01:12:17Z" finished-at="2019-07-13T01:12:18Z">
          <exception class="java.lang.NullPointerException">
            <full-stacktrace>
              <![CDATA[java.lang.NullPointerException
at com.excelFactory.Excelcreater.wtireContecnt(Excelcreater.java:49)
at com.smarttech.AmazonLogin.teardown(AmazonLogin.java:156)
at sun.reflect.NativeMethodAccessorImpl.invoke0(Native Method)
at sun.reflect.NativeMethodAccessorImpl.invoke(Unknown Source)
at sun.reflect.DelegatingMethodAccessorImpl.invoke(Unknown Source)
at java.lang.reflect.Method.invoke(Unknown Source)
at org.testng.internal.MethodInvocationHelper.invokeMethod(MethodInvocationHelper.java:124)
at org.testng.internal.MethodInvocationHelper.invokeMethodConsideringTimeout(MethodInvocationHelper.java:59)
at org.testng.internal.Invoker.invokeConfigurationMethod(Invoker.java:455)
at org.testng.internal.Invoker.invokeConfigurations(Invoker.java:222)
at org.testng.internal.Invoker.invokeConfigurations(Invoker.java:142)
at org.testng.TestRunner.afterRun(TestRunner.java:725)
at org.testng.TestRunner.run(TestRunner.java:509)
at org.testng.SuiteRunner.runTest(SuiteRunner.java:455)
at org.testng.SuiteRunner.runSequentially(SuiteRunner.java:450)
at org.testng.SuiteRunner.privateRun(SuiteRunner.java:415)
at org.testng.SuiteRunner.run(SuiteRunner.java:364)
at org.testng.SuiteRunnerWorker.runSuite(SuiteRunnerWorker.java:52)
at org.testng.SuiteRunnerWorker.run(SuiteRunnerWorker.java:84)
at org.testng.TestNG.runSuitesSequentially(TestNG.java:1208)
at org.testng.TestNG.runSuitesLocally(TestNG.java:1137)
at org.testng.TestNG.runSuites(TestNG.java:1049)
at org.testng.TestNG.run(TestNG.java:1017)
at org.testng.remote.AbstractRemoteTestNG.run(AbstractRemoteTestNG.java:115)
at org.testng.remote.RemoteTestNG.initAndRun(RemoteTestNG.java:251)
at org.testng.remote.RemoteTestNG.main(RemoteTestNG.java:77)
]]>
            </full-stacktrace>
          </exception> <!-- java.lang.NullPointerException -->
          <reporter-output>
          </reporter-output>
        </test-method> <!-- teardown -->
      </class> <!-- com.smarttech.AmazonLogin -->
    </test> <!-- amazon Test Cases -->
  </suite> <!-- amazon Automation Test Suite -->
</testng-results>
