<?xml version="1.0" encoding="UTF-8"?>
<testng-results skipped="0" failed="1" ignored="0" total="13" passed="12">
  <reporter-output>
  </reporter-output>
  <suite name="amazon Automation Test Suite" duration-ms="73381" started-at="2019-07-15T00:10:33Z" finished-at="2019-07-15T00:11:47Z">
    <groups>
    </groups>
    <test name="amazon Test Cases" duration-ms="73381" started-at="2019-07-15T00:10:33Z" finished-at="2019-07-15T00:11:47Z">
      <class name="com.smarttech.AmazonLogin">
        <test-method status="PASS" signature="setUp()[pri:0, instance:com.smarttech.AmazonLogin@51b279c9]" name="setUp" duration-ms="16477" started-at="2019-07-15T00:10:34Z" finished-at="2019-07-15T00:10:50Z">
          <reporter-output>
          </reporter-output>
        </test-method> <!-- setUp -->
        <test-method status="PASS" signature="Test2()[pri:0, instance:com.smarttech.AmazonLogin@51b279c9]" name="Test2" duration-ms="2418" started-at="2019-07-15T00:10:50Z" depends-on-methods="com.smarttech.AmazonLogin.setUp" finished-at="2019-07-15T00:10:52Z">
          <reporter-output>
          </reporter-output>
        </test-method> <!-- Test2 -->
        <test-method status="PASS" signature="Test3()[pri:0, instance:com.smarttech.AmazonLogin@51b279c9]" name="Test3" duration-ms="5549" started-at="2019-07-15T00:10:52Z" depends-on-methods="com.smarttech.AmazonLogin.Test2" finished-at="2019-07-15T00:10:58Z">
          <reporter-output>
          </reporter-output>
        </test-method> <!-- Test3 -->
        <test-method status="PASS" signature="Test4()[pri:0, instance:com.smarttech.AmazonLogin@51b279c9]" name="Test4" duration-ms="3293" started-at="2019-07-15T00:10:58Z" depends-on-methods="com.smarttech.AmazonLogin.Test3" finished-at="2019-07-15T00:11:01Z">
          <reporter-output>
          </reporter-output>
        </test-method> <!-- Test4 -->
        <test-method status="PASS" signature="Test5()[pri:0, instance:com.smarttech.AmazonLogin@51b279c9]" name="Test5" duration-ms="6233" started-at="2019-07-15T00:11:01Z" depends-on-methods="com.smarttech.AmazonLogin.Test4" finished-at="2019-07-15T00:11:08Z">
          <reporter-output>
          </reporter-output>
        </test-method> <!-- Test5 -->
        <test-method status="PASS" signature="Test6()[pri:0, instance:com.smarttech.AmazonLogin@51b279c9]" name="Test6" duration-ms="2253" started-at="2019-07-15T00:11:08Z" depends-on-methods="com.smarttech.AmazonLogin.Test5" finished-at="2019-07-15T00:11:10Z">
          <reporter-output>
          </reporter-output>
        </test-method> <!-- Test6 -->
        <test-method status="PASS" signature="Test7()[pri:0, instance:com.smarttech.AmazonLogin@51b279c9]" name="Test7" duration-ms="2406" started-at="2019-07-15T00:11:10Z" depends-on-methods="com.smarttech.AmazonLogin.Test6" finished-at="2019-07-15T00:11:12Z">
          <reporter-output>
          </reporter-output>
        </test-method> <!-- Test7 -->
        <test-method status="PASS" signature="Test8()[pri:0, instance:com.smarttech.AmazonLogin@51b279c9]" name="Test8" duration-ms="2119" started-at="2019-07-15T00:11:12Z" depends-on-methods="com.smarttech.AmazonLogin.Test7" finished-at="2019-07-15T00:11:14Z">
          <reporter-output>
          </reporter-output>
        </test-method> <!-- Test8 -->
        <test-method status="PASS" signature="Test9()[pri:0, instance:com.smarttech.AmazonLogin@51b279c9]" name="Test9" duration-ms="2093" started-at="2019-07-15T00:11:14Z" depends-on-methods="com.smarttech.AmazonLogin.Test8" finished-at="2019-07-15T00:11:16Z">
          <reporter-output>
          </reporter-output>
        </test-method> <!-- Test9 -->
        <test-method status="PASS" signature="Test10()[pri:0, instance:com.smarttech.AmazonLogin@51b279c9]" name="Test10" duration-ms="2122" started-at="2019-07-15T00:11:16Z" depends-on-methods="com.smarttech.AmazonLogin.Test9" finished-at="2019-07-15T00:11:19Z">
          <reporter-output>
          </reporter-output>
        </test-method> <!-- Test10 -->
        <test-method status="PASS" signature="Test11()[pri:0, instance:com.smarttech.AmazonLogin@51b279c9]" name="Test11" duration-ms="2090" started-at="2019-07-15T00:11:19Z" depends-on-methods="com.smarttech.AmazonLogin.Test10" finished-at="2019-07-15T00:11:21Z">
          <reporter-output>
          </reporter-output>
        </test-method> <!-- Test11 -->
        <test-method status="PASS" signature="Test12()[pri:0, instance:com.smarttech.AmazonLogin@51b279c9]" name="Test12" duration-ms="9562" started-at="2019-07-15T00:11:21Z" depends-on-methods="com.smarttech.AmazonLogin.Test11" finished-at="2019-07-15T00:11:30Z">
          <reporter-output>
          </reporter-output>
        </test-method> <!-- Test12 -->
        <test-method status="FAIL" signature="Test13()[pri:0, instance:com.smarttech.AmazonLogin@51b279c9]" name="Test13" duration-ms="16123" started-at="2019-07-15T00:11:30Z" depends-on-methods="com.smarttech.AmazonLogin.Test12" finished-at="2019-07-15T00:11:46Z">
          <exception class="java.lang.IndexOutOfBoundsException">
            <message>
              <![CDATA[Index: 0, Size: 0]]>
            </message>
            <full-stacktrace>
              <![CDATA[java.lang.IndexOutOfBoundsException: Index: 0, Size: 0
at java.util.ArrayList.rangeCheck(Unknown Source)
at java.util.ArrayList.get(Unknown Source)
at sun.reflect.NativeMethodAccessorImpl.invoke0(Native Method)
at sun.reflect.NativeMethodAccessorImpl.invoke(Unknown Source)
at sun.reflect.DelegatingMethodAccessorImpl.invoke(Unknown Source)
at java.lang.reflect.Method.invoke(Unknown Source)
at org.openqa.selenium.support.pagefactory.internal.LocatingElementListHandler.invoke(LocatingElementListHandler.java:39)
at com.sun.proxy.$Proxy8.get(Unknown Source)
at com.smarttech.AmazonLogin.Test13(AmazonLogin.java:135)
at sun.reflect.NativeMethodAccessorImpl.invoke0(Native Method)
at sun.reflect.NativeMethodAccessorImpl.invoke(Unknown Source)
at sun.reflect.DelegatingMethodAccessorImpl.invoke(Unknown Source)
at java.lang.reflect.Method.invoke(Unknown Source)
at org.testng.internal.MethodInvocationHelper.invokeMethod(MethodInvocationHelper.java:124)
at org.testng.internal.Invoker.invokeMethod(Invoker.java:580)
at org.testng.internal.Invoker.invokeTestMethod(Invoker.java:716)
at org.testng.internal.Invoker.invokeTestMethods(Invoker.java:988)
at org.testng.internal.TestMethodWorker.invokeTestMethods(TestMethodWorker.java:125)
at org.testng.internal.TestMethodWorker.run(TestMethodWorker.java:109)
at org.testng.TestRunner.privateRun(TestRunner.java:648)
at org.testng.TestRunner.run(TestRunner.java:505)
at org.testng.SuiteRunner.runTest(SuiteRunner.java:455)
at org.testng.SuiteRunner.runSequentially(SuiteRunner.java:450)
at org.testng.SuiteRunner.privateRun(SuiteRunner.java:415)
at org.testng.SuiteRunner.run(SuiteRunner.java:364)
at org.testng.SuiteRunnerWorker.runSuite(SuiteRunnerWorker.java:52)
at org.testng.SuiteRunnerWorker.run(SuiteRunnerWorker.java:84)
at org.testng.TestNG.runSuitesSequentially(TestNG.java:1208)
at org.testng.TestNG.runSuitesLocally(TestNG.java:1137)
at org.testng.TestNG.runSuites(TestNG.java:1049)
at org.testng.TestNG.run(TestNG.java:1017)
at org.testng.remote.AbstractRemoteTestNG.run(AbstractRemoteTestNG.java:115)
at org.testng.remote.RemoteTestNG.initAndRun(RemoteTestNG.java:251)
at org.testng.remote.RemoteTestNG.main(RemoteTestNG.java:77)
]]>
            </full-stacktrace>
          </exception> <!-- java.lang.IndexOutOfBoundsException -->
          <reporter-output>
          </reporter-output>
        </test-method> <!-- Test13 -->
        <test-method status="FAIL" signature="teardown()[pri:0, instance:com.smarttech.AmazonLogin@51b279c9]" name="teardown" is-config="true" duration-ms="47" started-at="2019-07-15T00:11:47Z" finished-at="2019-07-15T00:11:47Z">
          <exception class="java.lang.NullPointerException">
            <full-stacktrace>
              <![CDATA[java.lang.NullPointerException
at com.excelFactory.Excelcreater.wtireContecnt(Excelcreater.java:49)
at com.smarttech.AmazonLogin.teardown(AmazonLogin.java:156)
at sun.reflect.NativeMethodAccessorImpl.invoke0(Native Method)
at sun.reflect.NativeMethodAccessorImpl.invoke(Unknown Source)
at sun.reflect.DelegatingMethodAccessorImpl.invoke(Unknown Source)
at java.lang.reflect.Method.invoke(Unknown Source)
at org.testng.internal.MethodInvocationHelper.invokeMethod(MethodInvocationHelper.java:124)
at org.testng.internal.MethodInvocationHelper.invokeMethodConsideringTimeout(MethodInvocationHelper.java:59)
at org.testng.internal.Invoker.invokeConfigurationMethod(Invoker.java:455)
at org.testng.internal.Invoker.invokeConfigurations(Invoker.java:222)
at org.testng.internal.Invoker.invokeConfigurations(Invoker.java:142)
at org.testng.TestRunner.afterRun(TestRunner.java:725)
at org.testng.TestRunner.run(TestRunner.java:509)
at org.testng.SuiteRunner.runTest(SuiteRunner.java:455)
at org.testng.SuiteRunner.runSequentially(SuiteRunner.java:450)
at org.testng.SuiteRunner.privateRun(SuiteRunner.java:415)
at org.testng.SuiteRunner.run(SuiteRunner.java:364)
at org.testng.SuiteRunnerWorker.runSuite(SuiteRunnerWorker.java:52)
at org.testng.SuiteRunnerWorker.run(SuiteRunnerWorker.java:84)
at org.testng.TestNG.runSuitesSequentially(TestNG.java:1208)
at org.testng.TestNG.runSuitesLocally(TestNG.java:1137)
at org.testng.TestNG.runSuites(TestNG.java:1049)
at org.testng.TestNG.run(TestNG.java:1017)
at org.testng.remote.AbstractRemoteTestNG.run(AbstractRemoteTestNG.java:115)
at org.testng.remote.RemoteTestNG.initAndRun(RemoteTestNG.java:251)
at org.testng.remote.RemoteTestNG.main(RemoteTestNG.java:77)
]]>
            </full-stacktrace>
          </exception> <!-- java.lang.NullPointerException -->
          <reporter-output>
          </reporter-output>
        </test-method> <!-- teardown -->
      </class> <!-- com.smarttech.AmazonLogin -->
    </test> <!-- amazon Test Cases -->
  </suite> <!-- amazon Automation Test Suite -->
</testng-results>
